Arguments: 
  /usr/local/bin/node /usr/local/Cellar/yarn/1.22.19/libexec/bin/yarn.js add --exact --cwd /Users/ashleyzheng/notiom/client react react-dom next

PATH: 
  /var/folders/w_/hkgjlfn55r11mbcjkq1r3k8w0000gp/T/yarn--1664849024521-0.6087766338048546:/Users/ashleyzheng/.config/yarn/global/node_modules/.bin:/Users/ashleyzheng/.config/yarn/link/node_modules/.bin:/usr/local/libexec/lib/node_modules/npm/bin/node-gyp-bin:/usr/local/lib/node_modules/npm/bin/node-gyp-bin:/usr/local/bin/node_modules/npm/bin/node-gyp-bin:/Library/Frameworks/Python.framework/Versions/3.9/bin:/usr/local/bin:/usr/bin:/bin:/usr/sbin:/sbin:/Library/TeX/texbin

Yarn version: 
  1.22.19

Node version: 
  16.17.0

Platform: 
  darwin arm64

Trace: 
  Error: ENOSPC: no space left on device, write

npm manifest: 
  {
    "name": "client",
    "version": "0.1.0",
    "private": true,
    "scripts": {
      "dev": "next dev",
      "build": "next build",
      "start": "next start",
      "lint": "next lint"
    }
  }

yarn manifest: 
  No manifest

Lockfile: 
  No lockfile
